2015-01-20 16:53:46.618 [info] <0.85.0>@publish_proto_app:start:18 Starting publish_proto_app
2015-01-20 16:53:46.618 [info] <0.7.0> Application lager started on node 'publish_proto@richsmac.ecollege-dev.com'
2015-01-20 16:53:46.620 [info] <0.88.0>@publish_proto_publish:init:45 Started publish_proto_publish
2015-01-20 16:53:46.621 [info] <0.89.0>@publish_proto_publisher_worker:init:42 Started publish_proto_publish
2015-01-20 16:53:46.622 [info] <0.7.0> Application publish_proto started on node 'publish_proto@richsmac.ecollege-dev.com'
2015-01-20 16:54:06.338 [info] <0.104.0>@publish_proto_publish:publish_message:34 publish_proto_publish:publish_message()
2015-01-20 16:54:06.338 [info] <0.88.0>@publish_proto_publish:handle_call:49 Begin publishing
2015-01-20 16:54:06.338 [info] <0.88.0>@publish_proto_publisher_worker:publish_message:30 publish_proto_publisher_worker:publish_message()
2015-01-20 16:54:06.338 [info] <0.89.0>@publish_proto_publisher_worker:handle_call:46 Begin publishing
2015-01-20 16:54:06.343 [info] <0.7.0> Application amqp_client started on node 'publish_proto@richsmac.ecollege-dev.com'
2015-01-20 16:54:06.378 [info] <0.89.0>@publish_proto_publisher_worker:example:115 Publish msg: <<"foobar">>; With Headers: [{<<"str">>,binary,<<"foo">>},{<<"int">>,binary,<<"123">>},{<<"x-match">>,longstr,<<"all">>}]
2015-01-20 16:54:06.380 [info] <0.89.0>@publish_proto_publisher_worker:handle_info:58 basic.consume_ok received
2015-01-20 16:54:06.380 [info] <0.89.0>@publish_proto_publisher_worker:handle_info:67 Received msg: <<"1234">>; For tag: 1; With Payload: <<"foobar">>
2015-01-20 16:54:06.381 [info] <0.89.0>@publish_proto_publisher_worker:handle_info:67 Received msg: <<"1234">>; For tag: 2; With Payload: <<"foobar">>
2015-01-20 16:54:06.382 [info] <0.89.0>@publish_proto_publisher_worker:handle_info:67 Received msg: <<"1234">>; For tag: 3; With Payload: <<"foobar">>
2015-01-20 16:54:06.383 [info] <0.89.0>@publish_proto_publisher_worker:handle_info:67 Received msg: <<"1234">>; For tag: 4; With Payload: <<"foobar">>
2015-01-20 16:54:06.384 [info] <0.89.0>@publish_proto_publisher_worker:handle_info:67 Received msg: <<"1234">>; For tag: 5; With Payload: <<"foobar">>
2015-01-20 16:54:06.384 [info] <0.89.0>@publish_proto_publisher_worker:handle_info:67 Received msg: <<"1234">>; For tag: 6; With Payload: <<"foobar">>
2015-01-20 16:54:06.384 [info] <0.89.0>@publish_proto_publisher_worker:handle_info:67 Received msg: <<"1234">>; For tag: 7; With Payload: <<"foobar">>
2015-01-20 16:54:06.385 [info] <0.89.0>@publish_proto_publisher_worker:handle_info:67 Received msg: <<"1234">>; For tag: 8; With Payload: <<"foobar">>
2015-01-20 16:54:06.385 [info] <0.89.0>@publish_proto_publisher_worker:handle_info:67 Received msg: <<"1234">>; For tag: 9; With Payload: <<"foobar">>
2015-01-20 16:54:06.386 [info] <0.89.0>@publish_proto_publisher_worker:handle_info:67 Received msg: <<"1234">>; For tag: 10; With Payload: <<"foobar">>
2015-01-20 16:54:06.386 [info] <0.89.0>@publish_proto_publisher_worker:handle_info:67 Received msg: <<"1234">>; For tag: 11; With Payload: <<"foobar">>
2015-01-20 16:57:22.615 [info] <0.104.0>@publish_proto_publish:publish_message:34 publish_proto_publish:publish_message()
2015-01-20 16:57:22.615 [info] <0.88.0>@publish_proto_publish:handle_call:49 Begin publishing
2015-01-20 16:57:22.615 [info] <0.88.0>@publish_proto_publisher_worker:publish_message:30 publish_proto_publisher_worker:publish_message()
2015-01-20 16:57:22.616 [info] <0.89.0>@publish_proto_publisher_worker:handle_call:46 Begin publishing
2015-01-20 16:57:22.626 [info] <0.89.0>@publish_proto_publisher_worker:example:115 Publish msg: <<"foobar">>; With Headers: [{<<"str">>,binary,<<"foo">>},{<<"int">>,binary,<<"123">>},{<<"x-match">>,longstr,<<"all">>}]
2015-01-20 16:57:22.626 [info] <0.89.0>@publish_proto_publisher_worker:handle_info:58 basic.consume_ok received
2015-01-20 16:57:22.627 [info] <0.89.0>@publish_proto_publisher_worker:handle_info:67 Received msg: <<"1234">>; For tag: 12; With Payload: <<"foobar">>
2015-01-20 16:57:22.627 [info] <0.89.0>@publish_proto_publisher_worker:handle_info:67 Received msg: <<"1234">>; For tag: 13; With Payload: <<"foobar">>
2015-01-20 16:57:22.628 [info] <0.89.0>@publish_proto_publisher_worker:handle_info:67 Received msg: <<"1234">>; For tag: 14; With Payload: <<"foobar">>
2015-01-20 16:57:22.630 [info] <0.89.0>@publish_proto_publisher_worker:handle_info:67 Received msg: <<"1234">>; For tag: 1; With Payload: <<"foobar">>
2015-01-20 16:57:22.630 [info] <0.89.0>@publish_proto_publisher_worker:handle_info:67 Received msg: <<"1234">>; For tag: 2; With Payload: <<"foobar">>
2015-01-20 16:57:22.630 [error] <0.89.0> gen_server publish_proto_publisher_worker terminated with reason: {{shutdown,{server_initiated_close,406,<<"PRECONDITION_FAILED - unknown delivery tag 12">>}},{gen_server,call,[<0.139.0>,{call,{'basic.ack',2,false},none,<0.89.0>},infinity]}}
2015-01-20 16:57:22.631 [error] <0.89.0> CRASH REPORT Process publish_proto_publisher_worker with 0 neighbours exited with reason: {{shutdown,{server_initiated_close,406,<<"PRECONDITION_FAILED - unknown delivery tag 12">>}},{gen_server,call,[<0.139.0>,{call,{'basic.ack',2,false},none,<0.89.0>},infinity]}} in gen_server:terminate/6 line 746
2015-01-20 16:57:22.631 [error] <0.87.0> Supervisor publish_proto_publish_sup had child publish_proto_publisher_worker started with publish_proto_publisher_worker:start_link() at <0.89.0> exit with reason {{shutdown,{server_initiated_close,406,<<"PRECONDITION_FAILED - unknown delivery tag 12">>}},{gen_server,call,[<0.139.0>,{call,{'basic.ack',2,false},none,<0.89.0>},infinity]}} in context child_terminated
2015-01-20 16:57:22.631 [info] <0.142.0>@publish_proto_publisher_worker:init:42 Started publish_proto_publish
2015-01-20 16:57:22.632 [info] <0.85.0>@publish_proto_app:stop:23 Stopping publish_proto_app
2015-01-20 16:58:44.294 [info] <0.85.0>@publish_proto_app:start:18 Starting publish_proto_app
2015-01-20 16:58:44.294 [info] <0.7.0> Application lager started on node 'publish_proto@richsmac.ecollege-dev.com'
2015-01-20 16:58:44.298 [info] <0.88.0>@publish_proto_publish:init:45 Started publish_proto_publish
2015-01-20 16:58:44.299 [info] <0.89.0>@publish_proto_publisher_worker:init:42 Started publish_proto_publish
2015-01-20 16:58:44.299 [info] <0.7.0> Application publish_proto started on node 'publish_proto@richsmac.ecollege-dev.com'
2015-01-20 16:59:24.994 [info] <0.104.0>@publish_proto_publish:publish_message:34 publish_proto_publish:publish_message()
2015-01-20 16:59:24.994 [info] <0.88.0>@publish_proto_publish:handle_call:49 Begin publishing
2015-01-20 16:59:24.994 [info] <0.88.0>@publish_proto_publisher_worker:publish_message:30 publish_proto_publisher_worker:publish_message()
2015-01-20 16:59:24.994 [info] <0.89.0>@publish_proto_publisher_worker:handle_call:46 Begin publishing
2015-01-20 16:59:25.000 [info] <0.7.0> Application amqp_client started on node 'publish_proto@richsmac.ecollege-dev.com'
2015-01-20 16:59:25.042 [info] <0.89.0>@publish_proto_publisher_worker:example:115 Publish msg: <<"foobar">>; With Headers: [{<<"str">>,binary,<<"foo">>},{<<"int">>,binary,<<"123">>},{<<"x-match">>,longstr,<<"all">>}]
2015-01-20 16:59:25.044 [info] <0.89.0>@publish_proto_publisher_worker:handle_info:58 basic.consume_ok received
2015-01-20 16:59:25.048 [info] <0.89.0>@publish_proto_publisher_worker:handle_info:67 Received msg: <<"1234">>; For tag: 1; With Payload: <<"foobar">>
2015-01-20 16:59:25.048 [info] <0.89.0>@publish_proto_publisher_worker:handle_info:67 Received msg: <<"1234">>; For tag: 2; With Payload: <<"foobar">>
2015-01-20 16:59:25.048 [info] <0.89.0>@publish_proto_publisher_worker:handle_info:67 Received msg: <<"1234">>; For tag: 3; With Payload: <<"foobar">>
2015-01-20 16:59:25.049 [info] <0.89.0>@publish_proto_publisher_worker:handle_info:67 Received msg: <<"1234">>; For tag: 4; With Payload: <<"foobar">>
2015-01-20 16:59:25.049 [info] <0.89.0>@publish_proto_publisher_worker:handle_info:67 Received msg: <<"1234">>; For tag: 5; With Payload: <<"foobar">>
2015-01-20 16:59:25.050 [info] <0.89.0>@publish_proto_publisher_worker:handle_info:67 Received msg: <<"1234">>; For tag: 6; With Payload: <<"foobar">>
2015-01-20 16:59:25.050 [info] <0.89.0>@publish_proto_publisher_worker:handle_info:67 Received msg: <<"1234">>; For tag: 7; With Payload: <<"foobar">>
2015-01-20 16:59:25.051 [info] <0.89.0>@publish_proto_publisher_worker:handle_info:67 Received msg: <<"1234">>; For tag: 8; With Payload: <<"foobar">>
2015-01-20 16:59:25.051 [info] <0.89.0>@publish_proto_publisher_worker:handle_info:67 Received msg: <<"1234">>; For tag: 9; With Payload: <<"foobar">>
2015-01-20 16:59:25.051 [info] <0.89.0>@publish_proto_publisher_worker:handle_info:67 Received msg: <<"1234">>; For tag: 10; With Payload: <<"foobar">>
2015-01-20 17:00:24.953 [info] <0.104.0>@publish_proto_publish:publish_message:34 publish_proto_publish:publish_message()
2015-01-20 17:00:24.953 [info] <0.88.0>@publish_proto_publish:handle_call:49 Begin publishing
2015-01-20 17:00:24.953 [info] <0.88.0>@publish_proto_publisher_worker:publish_message:30 publish_proto_publisher_worker:publish_message()
2015-01-20 17:00:24.953 [info] <0.89.0>@publish_proto_publisher_worker:handle_call:46 Begin publishing
2015-01-20 17:00:24.960 [info] <0.89.0>@publish_proto_publisher_worker:example:115 Publish msg: <<"foobar">>; With Headers: [{<<"str">>,binary,<<"foo">>},{<<"int">>,binary,<<"123">>},{<<"x-match">>,longstr,<<"all">>}]
2015-01-20 17:00:24.960 [info] <0.89.0>@publish_proto_publisher_worker:handle_info:58 basic.consume_ok received
2015-01-20 17:00:24.961 [info] <0.89.0>@publish_proto_publisher_worker:handle_info:67 Received msg: <<"1234">>; For tag: 11; With Payload: <<"foobar">>
2015-01-20 17:00:24.963 [info] <0.89.0>@publish_proto_publisher_worker:handle_info:67 Received msg: <<"1234">>; For tag: 12; With Payload: <<"foobar">>
2015-01-20 17:00:24.963 [info] <0.89.0>@publish_proto_publisher_worker:handle_info:67 Received msg: <<"1234">>; For tag: 1; With Payload: <<"foobar">>
2015-01-20 17:00:24.964 [info] <0.89.0>@publish_proto_publisher_worker:handle_info:67 Received msg: <<"1234">>; For tag: 13; With Payload: <<"foobar">>
2015-01-20 17:00:24.966 [info] <0.89.0>@publish_proto_publisher_worker:handle_info:67 Received msg: <<"1234">>; For tag: 2; With Payload: <<"foobar">>
2015-01-20 17:01:00.675 [info] <0.104.0>@publish_proto_publish:publish_message:34 publish_proto_publish:publish_message()
2015-01-20 17:01:00.675 [info] <0.88.0>@publish_proto_publish:handle_call:49 Begin publishing
2015-01-20 17:01:00.675 [info] <0.88.0>@publish_proto_publisher_worker:publish_message:30 publish_proto_publisher_worker:publish_message()
2015-01-20 17:01:00.675 [info] <0.89.0>@publish_proto_publisher_worker:handle_call:46 Begin publishing
2015-01-20 17:01:00.682 [info] <0.89.0>@publish_proto_publisher_worker:example:115 Publish msg: <<"foobar">>; With Headers: [{<<"str">>,binary,<<"foo">>},{<<"int">>,binary,<<"123">>},{<<"x-match">>,longstr,<<"all">>}]
2015-01-20 17:01:00.683 [info] <0.89.0>@publish_proto_publisher_worker:handle_info:58 basic.consume_ok received
2015-01-20 17:01:00.683 [info] <0.89.0>@publish_proto_publisher_worker:handle_info:67 Received msg: <<"1234">>; For tag: 1; With Payload: <<"foobar">>
2015-01-20 17:01:00.683 [info] <0.89.0>@publish_proto_publisher_worker:handle_info:67 Received msg: <<"1234">>; For tag: 2; With Payload: <<"foobar">>
2015-01-20 17:01:00.683 [info] <0.89.0>@publish_proto_publisher_worker:handle_info:67 Received msg: <<"1234">>; For tag: 3; With Payload: <<"foobar">>
2015-01-20 17:01:00.686 [info] <0.89.0>@publish_proto_publisher_worker:handle_info:67 Received msg: <<"1234">>; For tag: 4; With Payload: <<"foobar">>
2015-01-20 17:01:00.686 [info] <0.89.0>@publish_proto_publisher_worker:handle_info:67 Received msg: <<"1234">>; For tag: 5; With Payload: <<"foobar">>
2015-01-20 17:01:00.686 [info] <0.89.0>@publish_proto_publisher_worker:handle_info:67 Received msg: <<"1234">>; For tag: 6; With Payload: <<"foobar">>
2015-01-20 17:01:00.687 [info] <0.89.0>@publish_proto_publisher_worker:handle_info:67 Received msg: <<"1234">>; For tag: 7; With Payload: <<"foobar">>
2015-01-20 17:01:00.688 [info] <0.89.0>@publish_proto_publisher_worker:handle_info:67 Received msg: <<"1234">>; For tag: 8; With Payload: <<"foobar">>
2015-01-20 17:01:00.688 [info] <0.89.0>@publish_proto_publisher_worker:handle_info:67 Received msg: <<"1234">>; For tag: 9; With Payload: <<"foobar">>
2015-01-20 17:01:00.688 [info] <0.89.0>@publish_proto_publisher_worker:handle_info:67 Received msg: <<"1234">>; For tag: 10; With Payload: <<"foobar">>
2015-01-20 17:01:00.689 [info] <0.89.0>@publish_proto_publisher_worker:handle_info:67 Received msg: <<"1234">>; For tag: 11; With Payload: <<"foobar">>
2015-01-20 17:01:00.689 [info] <0.89.0>@publish_proto_publisher_worker:handle_info:67 Received msg: <<"1234">>; For tag: 12; With Payload: <<"foobar">>
2015-01-20 17:01:00.689 [info] <0.89.0>@publish_proto_publisher_worker:handle_info:67 Received msg: <<"1234">>; For tag: 13; With Payload: <<"foobar">>
2015-01-20 17:01:00.689 [info] <0.89.0>@publish_proto_publisher_worker:handle_info:67 Received msg: <<"1234">>; For tag: 14; With Payload: <<"foobar">>
2015-01-20 17:01:00.690 [info] <0.89.0>@publish_proto_publisher_worker:handle_info:67 Received msg: <<"1234">>; For tag: 15; With Payload: <<"foobar">>
2015-01-20 17:01:00.690 [info] <0.89.0>@publish_proto_publisher_worker:handle_info:67 Received msg: <<"1234">>; For tag: 16; With Payload: <<"foobar">>
2015-01-20 17:01:00.690 [info] <0.89.0>@publish_proto_publisher_worker:handle_info:67 Received msg: <<"1234">>; For tag: 17; With Payload: <<"foobar">>
2015-01-20 17:01:31.657 [info] <0.85.0>@publish_proto_app:stop:23 Stopping publish_proto_app
