2015-01-20 16:57:22 =ERROR REPORT====
** Generic server publish_proto_publisher_worker terminating 
** Last message in was {{'basic.deliver',<<"amq.ctag-qz_iSVMA8jVBq8J0CyJjuA">>,2,false,<<"publish_proto_exchange">>,<<>>},{amqp_msg,{'P_basic',undefined,undefined,[{<<"str">>,binary,<<"foo">>},{<<"int">>,binary,<<"123">>},{<<"x-match">>,longstr,<<"all">>}],2,undefined,<<"1234">>,undefined,undefined,undefined,undefined,undefined,undefined,undefined,undefined},<<"foobar">>}}
** When Server state == <0.139.0>
** Reason for termination == 
** {{shutdown,{server_initiated_close,406,<<"PRECONDITION_FAILED - unknown delivery tag 12">>}},{gen_server,call,[<0.139.0>,{call,{'basic.ack',2,false},none,<0.89.0>},infinity]}}
2015-01-20 16:57:22 =CRASH REPORT====
  crasher:
    initial call: publish_proto_publisher_worker:init/1
    pid: <0.89.0>
    registered_name: publish_proto_publisher_worker
    exception exit: {{{shutdown,{server_initiated_close,406,<<"PRECONDITION_FAILED - unknown delivery tag 12">>}},{gen_server,call,[<0.139.0>,{call,{'basic.ack',2,false},none,<0.89.0>},infinity]}},[{gen_server,terminate,6,[{file,"gen_server.erl"},{line,746}]},{proc_lib,init_p_do_apply,3,[{file,"proc_lib.erl"},{line,239}]}]}
    ancestors: [publish_proto_publish_sup,publish_proto_sup,<0.85.0>]
    messages: [{{'basic.deliver',<<"amq.ctag-qz_iSVMA8jVBq8J0CyJjuA">>,3,false,<<"publish_proto_exchange">>,<<>>},{amqp_msg,{'P_basic',undefined,undefined,[{<<"str">>,binary,<<"foo">>},{<<"int">>,binary,<<"123">>},{<<"x-match">>,longstr,<<"all">>}],2,undefined,<<"1234">>,undefined,undefined,undefined,undefined,undefined,undefined,undefined,undefined},<<"foobar">>}}]
    links: [<0.87.0>]
    dictionary: []
    trap_exit: false
    status: running
    heap_size: 2586
    stack_size: 27
    reductions: 10281
  neighbours:
2015-01-20 16:57:22 =SUPERVISOR REPORT====
     Supervisor: {local,publish_proto_publish_sup}
     Context:    child_terminated
     Reason:     {{shutdown,{server_initiated_close,406,<<"PRECONDITION_FAILED - unknown delivery tag 12">>}},{gen_server,call,[<0.139.0>,{call,{'basic.ack',2,false},none,<0.89.0>},infinity]}}
     Offender:   [{pid,<0.89.0>},{name,publish_proto_publisher_worker},{mfargs,{publish_proto_publisher_worker,start_link,[]}},{restart_type,permanent},{shutdown,5000},{child_type,worker}]

